# JRE version: OpenJDK Runtime Environment (8.0) (build 1.8.0-adoptopenjdk-_2018_05_19_00_59-b00)
# Java VM: OpenJDK 64-Bit Server VM (25.71-b00 mixed mode windows-amd64 compressed oops)
Heap:
 PSYoungGen      total 37888K, used 14363K [0x00000000d6000000, 0x00000000d9080000, 0x0000000100000000)
  eden space 32768K, 38% used [0x00000000d6000000,0x00000000d6c31d58,0x00000000d8000000)
  from space 5120K, 36% used [0x00000000d8500000,0x00000000d86d51f0,0x00000000d8a00000)
  to   space 5120K, 0% used [0x00000000d8000000,0x00000000d8000000,0x00000000d8500000)
 ParOldGen       total 61952K, used 3066K [0x0000000082000000, 0x0000000085c80000, 0x00000000d6000000)
  object space 61952K, 4% used [0x0000000082000000,0x00000000822fea68,0x0000000085c80000)
 Metaspace       used 13526K, capacity 13820K, committed 14080K, reserved 1062912K
  class space    used 1597K, capacity 1696K, committed 1792K, reserved 1048576K
GC Heap History (6 events):
Event: 0.431 GC heap before
{Heap before GC invocations=1 (full 0):
 PSYoungGen      total 37888K, used 16408K [0x00000000d6000000, 0x00000000d8a00000, 0x0000000100000000)
  eden space 32768K, 50% used [0x00000000d6000000,0x00000000d70061a8,0x00000000d8000000)
  from space 5120K, 0% used [0x00000000d8500000,0x00000000d8500000,0x00000000d8a00000)
  to   space 5120K, 0% used [0x00000000d8000000,0x00000000d8000000,0x00000000d8500000)
 ParOldGen       total 86016K, used 0K [0x0000000082000000, 0x0000000087400000, 0x00000000d6000000)
  object space 86016K, 0% used [0x0000000082000000,0x0000000082000000,0x0000000087400000)
 Metaspace       used 8612K, capacity 8744K, committed 8832K, reserved 1060864K
  class space    used 1015K, capacity 1082K, committed 1152K, reserved 1048576K
Event: 0.434 GC heap after
Heap after GC invocations=1 (full 0):
 PSYoungGen      total 37888K, used 3319K [0x00000000d6000000, 0x00000000d8a00000, 0x0000000100000000)
  eden space 32768K, 0% used [0x00000000d6000000,0x00000000d6000000,0x00000000d8000000)
  from space 5120K, 64% used [0x00000000d8000000,0x00000000d833df90,0x00000000d8500000)
  to   space 5120K, 0% used [0x00000000d8500000,0x00000000d8500000,0x00000000d8a00000)
 ParOldGen       total 86016K, used 16K [0x0000000082000000, 0x0000000087400000, 0x00000000d6000000)
  object space 86016K, 0% used [0x0000000082000000,0x0000000082004000,0x0000000087400000)
 Metaspace       used 8612K, capacity 8744K, committed 8832K, reserved 1060864K
  class space    used 1015K, capacity 1082K, committed 1152K, reserved 1048576K
}
Event: 0.434 GC heap before
{Heap before GC invocations=2 (full 1):
 PSYoungGen      total 37888K, used 3319K [0x00000000d6000000, 0x00000000d8a00000, 0x0000000100000000)
  eden space 32768K, 0% used [0x00000000d6000000,0x00000000d6000000,0x00000000d8000000)
  from space 5120K, 64% used [0x00000000d8000000,0x00000000d833df90,0x00000000d8500000)
  to   space 5120K, 0% used [0x00000000d8500000,0x00000000d8500000,0x00000000d8a00000)
 ParOldGen       total 86016K, used 16K [0x0000000082000000, 0x0000000087400000, 0x00000000d6000000)
  object space 86016K, 0% used [0x0000000082000000,0x0000000082004000,0x0000000087400000)
 Metaspace       used 8612K, capacity 8744K, committed 8832K, reserved 1060864K
  class space    used 1015K, capacity 1082K, committed 1152K, reserved 1048576K
Event: 0.444 GC heap after
Heap after GC invocations=2 (full 1):
 PSYoungGen      total 37888K, used 0K [0x00000000d6000000, 0x00000000d8a00000, 0x0000000100000000)
  eden space 32768K, 0% used [0x00000000d6000000,0x00000000d6000000,0x00000000d8000000)
  from space 5120K, 0% used [0x00000000d8000000,0x00000000d8000000,0x00000000d8500000)
  to   space 5120K, 0% used [0x00000000d8500000,0x00000000d8500000,0x00000000d8a00000)
 ParOldGen       total 61952K, used 2994K [0x0000000082000000, 0x0000000085c80000, 0x00000000d6000000)
  object space 61952K, 4% used [0x0000000082000000,0x00000000822eca58,0x0000000085c80000)
 Metaspace       used 8612K, capacity 8744K, committed 8832K, reserved 1058816K
  class space    used 1015K, capacity 1082K, committed 1152K, reserved 1048576K
}
Event: 0.780 GC heap before
{Heap before GC invocations=3 (full 1):
 PSYoungGen      total 37888K, used 32768K [0x00000000d6000000, 0x00000000d8a00000, 0x0000000100000000)
  eden space 32768K, 100% used [0x00000000d6000000,0x00000000d8000000,0x00000000d8000000)
  from space 5120K, 0% used [0x00000000d8000000,0x00000000d8000000,0x00000000d8500000)
  to   space 5120K, 0% used [0x00000000d8500000,0x00000000d8500000,0x00000000d8a00000)
 ParOldGen       total 61952K, used 2994K [0x0000000082000000, 0x0000000085c80000, 0x00000000d6000000)
  object space 61952K, 4% used [0x0000000082000000,0x00000000822eca58,0x0000000085c80000)
 Metaspace       used 13505K, capacity 13820K, committed 14080K, reserved 1062912K
  class space    used 1597K, capacity 1696K, committed 1792K, reserved 1048576K
Event: 0.782 GC heap after
Heap after GC invocations=3 (full 1):
 PSYoungGen      total 37888K, used 1876K [0x00000000d6000000, 0x00000000d9080000, 0x0000000100000000)
  eden space 32768K, 0% used [0x00000000d6000000,0x00000000d6000000,0x00000000d8000000)
  from space 5120K, 36% used [0x00000000d8500000,0x00000000d86d51f0,0x00000000d8a00000)
  to   space 5120K, 0% used [0x00000000d8000000,0x00000000d8000000,0x00000000d8500000)
 ParOldGen       total 61952K, used 3066K [0x0000000082000000, 0x0000000085c80000, 0x00000000d6000000)
  object space 61952K, 4% used [0x0000000082000000,0x00000000822fea68,0x0000000085c80000)
 Metaspace       used 13505K, capacity 13820K, committed 14080K, reserved 1062912K
  class space    used 1597K, capacity 1696K, committed 1792K, reserved 1048576K
}

